<?xml version="1.0" encoding="UTF-8"?>
<!-- Generated by org.testng.reporters.JUnitXMLReporter -->
<testsuite hostname="DESKTOP-HHURL3J" ignored="0" name="Test" tests="1" failures="1" timestamp="13 May 2020 18:02:54 GMT" time="26.319" errors="0">
  <testcase name="fileUpload" time="26.27" classname="sikuli_classfiles.Test1">
    <failure type="org.sikuli.script.FindFailed" message="can not find C:\Intellipat_March 22\choosefile.PNG in S(0)[0,0 1536x864]">
      <![CDATA[FindFailed: can not find C:\Intellipat_March 22\choosefile.PNG in S(0)[0,0 1536x864]
  Line 2189, in file Region.java

at org.sikuli.script.Region.handleFindFailedShowDialog(Region.java:2189)
at org.sikuli.script.Region.handleFindFailed(Region.java:2134)
at org.sikuli.script.Region.wait(Region.java:2546)
at org.sikuli.script.Region.find(Region.java:2205)
at org.sikuli.script.Region.getLocationFromTarget(Region.java:3067)
at org.sikuli.script.Region.click(Region.java:3534)
at org.sikuli.script.Region.click(Region.java:3519)
at sikuli_classfiles.Test1.fileUpload(Test1.java:31)
... Removed 28 stack frames]]>
    </failure>
  </testcase> <!-- fileUpload -->
</testsuite> <!-- Test -->
