<?xml version="1.0" encoding="UTF-8"?>
<testsuite xmlns:xsi="http://www.w3.org/2001/XMLSchema-instance" xsi:schemaLocation="https://maven.apache.org/surefire/maven-surefire-plugin/xsd/surefire-test-report.xsd" name="TestSuite" time="27.257" tests="1" errors="0" skipped="0" failures="1">
  <properties>
[...]
</properties>
  <testcase name="fileUpload" classname="sikuli_classfiles.Test1" time="26.271">
    <failure message="can not find C:\Intellipat_March 22\choosefile.PNG in S(0)[0,0 1536x864]" type="org.sikuli.script.FindFailed">org.sikuli.script.FindFailed: can not find C:\Intellipat_March 22\choosefile.PNG in S(0)[0,0 1536x864]
	at sikuli_classfiles.Test1.fileUpload(Test1.java:31)
</failure>
    <system-out><![CDATA[[TestNGContentHandler] [WARN] It is strongly recommended to add "<!DOCTYPE suite SYSTEM "http://testng.org/testng-1.0.dtd" >" at the top of your file, otherwise TestNG may fail or not work as expected.
]]></system-out>
    <system-err><![CDATA[Starting ChromeDriver 80.0.3987.106 (f68069574609230cf9b635cd784cfb1bf81bb53a-refs/branch-heads/3987@{#882}) on port 42007
Only local connections are allowed.
Please protect ports used by ChromeDriver and related test frameworks to prevent access by malicious code.
[1589392951.017][WARNING]: This version of ChromeDriver has not been tested with Chrome version 81.
[1589392953.122][WARNING]: Timed out connecting to Chrome, retrying...
May 13, 2020 11:32:35 PM org.openqa.selenium.remote.ProtocolHandshake createSession
INFO: Detected dialect: W3C
[1589392955.483][SEVERE]: Timed out receiving message from renderer: 0.100
[1589392955.587][SEVERE]: Timed out receiving message from renderer: 0.100
[1589392956.459][SEVERE]: Timed out receiving message from renderer: 0.100
[1589392956.566][SEVERE]: Timed out receiving message from renderer: 0.100
[1589392963.735][WARNING]: Timed out connecting to Chrome, retrying...
May 13, 2020 11:32:46 PM org.bridj.BridJ log
INFO: Registering type org.sikuli.util.SysJNA$WinKernel32
May 13, 2020 11:32:46 PM org.bridj.BridJ log
INFO: Registering type org.bridj.TimeT
May 13, 2020 11:32:46 PM org.bridj.BridJ log
INFO: Registering type org.bridj.TimeT$timeval_customizer
May 13, 2020 11:32:46 PM org.bridj.BridJ log
INFO: Registering type org.bridj.StructIO$DefaultCustomizer
May 13, 2020 11:32:46 PM org.bridj.BridJ log
INFO: Registering type org.bridj.TimeT$timeval
May 13, 2020 11:32:46 PM org.bridj.BridJ log
INFO: Registering type org.bridj.StructObject
May 13, 2020 11:32:46 PM org.bridj.BridJ log
INFO: Registering type org.bridj.NativeObject
May 13, 2020 11:32:46 PM org.bridj.BridJ log
INFO: Registering type org.bridj.AbstractIntegral
May 13, 2020 11:32:46 PM org.bridj.BridJ log
INFO: Registering type java.lang.Number
]]></system-err>
  </testcase>
</testsuite>