<?xml version="1.0" encoding="UTF-8"?>
<testng-results skipped="0" failed="0" ignored="0" total="1" passed="1">
  <reporter-output>
  </reporter-output>
  <suite name="Default suite" duration-ms="43503" started-at="2020-05-14T19:16:44Z" finished-at="2020-05-14T19:17:27Z">
    <groups>
    </groups>
    <test name="Default test" duration-ms="43503" started-at="2020-05-14T19:16:44Z" finished-at="2020-05-14T19:17:27Z">
      <class name="sikuli_classfiles.Test1">
        <test-method status="PASS" signature="fileUpload()[pri:0, instance:sikuli_classfiles.Test1@402bba4f]" name="fileUpload" duration-ms="43479" started-at="2020-05-14T19:16:44Z" finished-at="2020-05-14T19:17:27Z">
          <reporter-output>
          </reporter-output>
        </test-method> <!-- fileUpload -->
      </class> <!-- sikuli_classfiles.Test1 -->
    </test> <!-- Default test -->
  </suite> <!-- Default suite -->
</testng-results>
